-------------------------------------------------------------------------------
Test set: TestSuite
-------------------------------------------------------------------------------
Tests run: 2, Failures: 1, Errors: 0, Skipped: 0, Time elapsed: 26.993 s <<< FAILURE! - in TestSuite
com.ksb.qametrics.test.runner.BTestRunner.runScenario["Validate accepted date of invalid format is not updated in VMD and to Elastic search through rhub pub sub interface", "Optional[Validate ADO update with test results]"](2)  Time elapsed: 20.038 s  <<< FAILURE!
java.lang.AssertionError

