<?xml version="1.0" encoding="UTF-8"?>
<testsuite xmlns:xsi="http://www.w3.org/2001/XMLSchema-instance" xsi:noNamespaceSchemaLocation="https://maven.apache.org/surefire/maven-surefire-plugin/xsd/surefire-test-report-3.0.xsd" version="3.0" name="TestSuite" time="26.993" tests="2" errors="0" skipped="0" failures="1">
  <properties>
[...]
</properties>
  <testcase name="runScenario[&quot;Validate update of valid accepted date in VMD and to Elastic search through rhub pub sub interface&quot;, &quot;Optional[Validate ADO update with test results]&quot;](1)" classname="com.ksb.qametrics.test.runner.BTestRunner" time="0.48">
    <system-out><![CDATA[Ado update flag is set as: NO

@Featuretagtest @RegressionUI @ADOSearch
Scenario: Validate update of valid accepted date in VMD and to Elastic search through rhub pub sub interface # featurefile/TestADO.feature:5
user connects to VMD database
  Given user connects to VMD database                                                                        # com.ksb.qametrics.test.stepdefinition.GoogleSearch_steps.userConnectsToVMDDatabase()
User validates the table
  When user validates the "vmd" table                                                                        # com.ksb.qametrics.test.stepdefinition.GoogleSearch_steps.userValidatesTheTable(java.lang.String)
  Then user should find the fields "adevrtised_location_code" in the "Ryder_Combo" table                     # com.ksb.qametrics.test.stepdefinition.GoogleSearch_steps.userShouldFindTheFieldsInTheTable(java.lang.String,java.lang.String)
user should be able to validate the valid data in the field
  And user should be able to validate the valid data in the field                                            # com.ksb.qametrics.test.stepdefinition.GoogleSearch_steps.userShouldBeAbleToValidateTheValidDataInTheField()
=======================in scenario finished state==============
]]></system-out>
  </testcase>
  <testcase name="runScenario[&quot;Validate accepted date of invalid format is not updated in VMD and to Elastic search through rhub pub sub interface&quot;, &quot;Optional[Validate ADO update with test results]&quot;](2)" classname="com.ksb.qametrics.test.runner.BTestRunner" time="20.038">
    <failure type="java.lang.AssertionError"><![CDATA[java.lang.AssertionError
]]></failure>
    <system-out><![CDATA[
@Featuretagtest @RegressionUI @ADOSearch
Scenario: Validate accepted date of invalid format is not updated in VMD and to Elastic search through rhub pub sub interface # featurefile/TestADO.feature:12
user connects to VMD database
  Given user connects to VMD database                                                                                         # com.ksb.qametrics.test.stepdefinition.GoogleSearch_steps.userConnectsToVMDDatabase()
User validates the table
  When user validates the "vmd" table                                                                                         # com.ksb.qametrics.test.stepdefinition.GoogleSearch_steps.userValidatesTheTable(java.lang.String)
  Then user should find the fields "image_electronic_location_code" in the "Ryder_Combo" table                                # com.ksb.qametrics.test.stepdefinition.GoogleSearch_steps.userShouldFindTheFieldsInTheTable(java.lang.String,java.lang.String)
      java.lang.AssertionError
	at org.junit.Assert.fail(Assert.java:87)
	at org.junit.Assert.assertTrue(Assert.java:42)
	at org.junit.Assert.assertTrue(Assert.java:53)
	at com.ksb.qametrics.test.stepdefinition.GoogleSearch_steps.userShouldFindTheFieldsInTheTable(GoogleSearch_steps.java:183)
	at âœ½.user should find the fields "image_electronic_location_code" in the "Ryder_Combo" table(classpath:featurefile/TestADO.feature:15)

  And user should be able to validate the valid data in the field                                                             # com.ksb.qametrics.test.stepdefinition.GoogleSearch_steps.userShouldBeAbleToValidateTheValidDataInTheField()
=======================in scenario finished state==============
]]></system-out>
  </testcase>
</testsuite>